{"/home/ankitksi247/Downloads/ksolvesTraining/code/photoGallery/frontend/src/pages/FullScreenImage.jsx": {"path":"/home/ankitksi247/Downloads/ksolvesTraining/code/photoGallery/frontend/src/pages/FullScreenImage.jsx","all":false,"statementMap":{"0":{"start":{"line":1,"column":0},"end":{"line":1,"column":26}},"2":{"start":{"line":3,"column":0},"end":{"line":3,"column":47}},"3":{"start":{"line":4,"column":0},"end":{"line":4,"column":10}},"4":{"start":{"line":5,"column":0},"end":{"line":5,"column":8}},"5":{"start":{"line":6,"column":0},"end":{"line":6,"column":92}},"6":{"start":{"line":7,"column":0},"end":{"line":7,"column":55}},"8":{"start":{"line":9,"column":0},"end":{"line":9,"column":79}},"9":{"start":{"line":10,"column":0},"end":{"line":10,"column":10}},"11":{"start":{"line":12,"column":0},"end":{"line":12,"column":2}},"13":{"start":{"line":14,"column":0},"end":{"line":14,"column":31}}},"s":{"0":1,"2":1,"3":0,"4":0,"5":0,"6":0,"8":0,"9":0,"11":0,"13":1},"branchMap":{},"b":{},"fnMap":{"0":{"name":"FullScreenImage","decl":{"start":{"line":3,"column":24},"end":{"line":12,"column":2}},"loc":{"start":{"line":3,"column":24},"end":{"line":12,"column":2}},"line":3}},"f":{"0":0}}
,"/home/ankitksi247/Downloads/ksolvesTraining/code/photoGallery/frontend/src/pages/UploadPage.jsx": {"path":"/home/ankitksi247/Downloads/ksolvesTraining/code/photoGallery/frontend/src/pages/UploadPage.jsx","all":false,"statementMap":{"0":{"start":{"line":1,"column":0},"end":{"line":1,"column":44}},"1":{"start":{"line":2,"column":0},"end":{"line":2,"column":26}},"2":{"start":{"line":3,"column":0},"end":{"line":3,"column":64}},"3":{"start":{"line":4,"column":0},"end":{"line":4,"column":62}},"4":{"start":{"line":5,"column":0},"end":{"line":5,"column":48}},"6":{"start":{"line":7,"column":0},"end":{"line":7,"column":45}},"7":{"start":{"line":8,"column":0},"end":{"line":8,"column":20}},"9":{"start":{"line":10,"column":0},"end":{"line":10,"column":23}},"10":{"start":{"line":11,"column":0},"end":{"line":11,"column":41}},"11":{"start":{"line":12,"column":0},"end":{"line":12,"column":38}},"12":{"start":{"line":13,"column":0},"end":{"line":13,"column":43}},"13":{"start":{"line":14,"column":0},"end":{"line":14,"column":77}},"14":{"start":{"line":15,"column":0},"end":{"line":15,"column":66}},"15":{"start":{"line":16,"column":0},"end":{"line":16,"column":59}},"17":{"start":{"line":18,"column":0},"end":{"line":18,"column":35}},"18":{"start":{"line":19,"column":0},"end":{"line":19,"column":9}},"19":{"start":{"line":20,"column":0},"end":{"line":20,"column":56}},"20":{"start":{"line":21,"column":0},"end":{"line":21,"column":62}},"21":{"start":{"line":22,"column":0},"end":{"line":22,"column":9}},"22":{"start":{"line":23,"column":0},"end":{"line":23,"column":26}},"23":{"start":{"line":24,"column":0},"end":{"line":24,"column":19}},"24":{"start":{"line":25,"column":0},"end":{"line":25,"column":25}},"25":{"start":{"line":26,"column":0},"end":{"line":26,"column":5}},"26":{"start":{"line":27,"column":0},"end":{"line":27,"column":4}},"28":{"start":{"line":29,"column":0},"end":{"line":29,"column":19}},"29":{"start":{"line":30,"column":0},"end":{"line":30,"column":18}},"30":{"start":{"line":31,"column":0},"end":{"line":31,"column":19}},"32":{"start":{"line":33,"column":0},"end":{"line":33,"column":37}},"33":{"start":{"line":34,"column":0},"end":{"line":34,"column":23}},"34":{"start":{"line":35,"column":0},"end":{"line":35,"column":22}},"36":{"start":{"line":37,"column":0},"end":{"line":37,"column":89}},"37":{"start":{"line":38,"column":0},"end":{"line":38,"column":35}},"39":{"start":{"line":40,"column":0},"end":{"line":40,"column":9}},"40":{"start":{"line":41,"column":0},"end":{"line":41,"column":54}},"41":{"start":{"line":42,"column":0},"end":{"line":42,"column":20}},"42":{"start":{"line":43,"column":0},"end":{"line":43,"column":51}},"43":{"start":{"line":44,"column":0},"end":{"line":44,"column":19}},"44":{"start":{"line":45,"column":0},"end":{"line":45,"column":25}},"45":{"start":{"line":46,"column":0},"end":{"line":46,"column":5}},"46":{"start":{"line":47,"column":0},"end":{"line":47,"column":4}},"48":{"start":{"line":49,"column":0},"end":{"line":49,"column":38}},"49":{"start":{"line":50,"column":0},"end":{"line":50,"column":9}},"50":{"start":{"line":51,"column":0},"end":{"line":51,"column":51}},"51":{"start":{"line":52,"column":0},"end":{"line":52,"column":51}},"52":{"start":{"line":53,"column":0},"end":{"line":53,"column":19}},"53":{"start":{"line":54,"column":0},"end":{"line":54,"column":25}},"54":{"start":{"line":55,"column":0},"end":{"line":55,"column":5}},"55":{"start":{"line":56,"column":0},"end":{"line":56,"column":4}},"59":{"start":{"line":60,"column":0},"end":{"line":60,"column":47}},"60":{"start":{"line":61,"column":0},"end":{"line":61,"column":53}},"61":{"start":{"line":62,"column":0},"end":{"line":62,"column":4}},"63":{"start":{"line":64,"column":0},"end":{"line":64,"column":10}},"64":{"start":{"line":65,"column":0},"end":{"line":65,"column":77}},"65":{"start":{"line":66,"column":0},"end":{"line":66,"column":73}},"69":{"start":{"line":70,"column":0},"end":{"line":70,"column":11}},"70":{"start":{"line":71,"column":0},"end":{"line":71,"column":31}},"71":{"start":{"line":72,"column":0},"end":{"line":72,"column":58}},"73":{"start":{"line":74,"column":0},"end":{"line":74,"column":59}},"74":{"start":{"line":75,"column":0},"end":{"line":75,"column":14}},"75":{"start":{"line":76,"column":0},"end":{"line":76,"column":21}},"76":{"start":{"line":77,"column":0},"end":{"line":77,"column":54}},"77":{"start":{"line":78,"column":0},"end":{"line":78,"column":50}},"78":{"start":{"line":79,"column":0},"end":{"line":79,"column":10}},"79":{"start":{"line":80,"column":0},"end":{"line":80,"column":15}},"80":{"start":{"line":81,"column":0},"end":{"line":81,"column":23}},"81":{"start":{"line":82,"column":0},"end":{"line":82,"column":72}},"82":{"start":{"line":83,"column":0},"end":{"line":83,"column":39}},"83":{"start":{"line":84,"column":0},"end":{"line":84,"column":9}},"85":{"start":{"line":86,"column":0},"end":{"line":86,"column":17}},"86":{"start":{"line":87,"column":0},"end":{"line":87,"column":13}},"88":{"start":{"line":89,"column":0},"end":{"line":89,"column":13}},"89":{"start":{"line":90,"column":0},"end":{"line":90,"column":46}},"90":{"start":{"line":91,"column":0},"end":{"line":91,"column":20}},"91":{"start":{"line":92,"column":0},"end":{"line":92,"column":49}},"93":{"start":{"line":94,"column":0},"end":{"line":94,"column":50}},"94":{"start":{"line":95,"column":0},"end":{"line":95,"column":49}},"95":{"start":{"line":96,"column":0},"end":{"line":96,"column":15}},"97":{"start":{"line":98,"column":0},"end":{"line":98,"column":11}},"98":{"start":{"line":99,"column":0},"end":{"line":99,"column":14}},"99":{"start":{"line":100,"column":0},"end":{"line":100,"column":21}},"100":{"start":{"line":101,"column":0},"end":{"line":101,"column":59}},"101":{"start":{"line":102,"column":0},"end":{"line":102,"column":39}},"102":{"start":{"line":103,"column":0},"end":{"line":103,"column":24}},"103":{"start":{"line":104,"column":0},"end":{"line":104,"column":73}},"104":{"start":{"line":105,"column":0},"end":{"line":105,"column":10}},"105":{"start":{"line":106,"column":0},"end":{"line":106,"column":12}},"108":{"start":{"line":109,"column":0},"end":{"line":109,"column":70}},"109":{"start":{"line":110,"column":0},"end":{"line":110,"column":51}},"110":{"start":{"line":111,"column":0},"end":{"line":111,"column":38}},"111":{"start":{"line":112,"column":0},"end":{"line":112,"column":14}},"112":{"start":{"line":113,"column":0},"end":{"line":113,"column":24}},"113":{"start":{"line":114,"column":0},"end":{"line":114,"column":64}},"115":{"start":{"line":116,"column":0},"end":{"line":116,"column":26}},"116":{"start":{"line":117,"column":0},"end":{"line":117,"column":48}},"117":{"start":{"line":118,"column":0},"end":{"line":118,"column":27}},"118":{"start":{"line":119,"column":0},"end":{"line":119,"column":32}},"119":{"start":{"line":120,"column":0},"end":{"line":120,"column":56}},"120":{"start":{"line":121,"column":0},"end":{"line":121,"column":85}},"121":{"start":{"line":122,"column":0},"end":{"line":122,"column":14}},"122":{"start":{"line":123,"column":0},"end":{"line":123,"column":62}},"123":{"start":{"line":124,"column":0},"end":{"line":124,"column":19}},"124":{"start":{"line":125,"column":0},"end":{"line":125,"column":50}},"125":{"start":{"line":126,"column":0},"end":{"line":126,"column":75}},"126":{"start":{"line":127,"column":0},"end":{"line":127,"column":13}},"128":{"start":{"line":129,"column":0},"end":{"line":129,"column":21}},"129":{"start":{"line":130,"column":0},"end":{"line":130,"column":16}},"130":{"start":{"line":131,"column":0},"end":{"line":131,"column":11}},"131":{"start":{"line":132,"column":0},"end":{"line":132,"column":12}},"133":{"start":{"line":134,"column":0},"end":{"line":134,"column":25}},"134":{"start":{"line":135,"column":0},"end":{"line":135,"column":24}},"135":{"start":{"line":136,"column":0},"end":{"line":136,"column":29}},"136":{"start":{"line":137,"column":0},"end":{"line":137,"column":48}},"137":{"start":{"line":138,"column":0},"end":{"line":138,"column":10}},"141":{"start":{"line":142,"column":0},"end":{"line":142,"column":43}},"142":{"start":{"line":143,"column":0},"end":{"line":143,"column":15}},"143":{"start":{"line":144,"column":0},"end":{"line":144,"column":43}},"144":{"start":{"line":145,"column":0},"end":{"line":145,"column":31}},"145":{"start":{"line":146,"column":0},"end":{"line":146,"column":45}},"146":{"start":{"line":147,"column":0},"end":{"line":147,"column":22}},"147":{"start":{"line":148,"column":0},"end":{"line":148,"column":48}},"148":{"start":{"line":149,"column":0},"end":{"line":149,"column":40}},"149":{"start":{"line":150,"column":0},"end":{"line":150,"column":13}},"150":{"start":{"line":151,"column":0},"end":{"line":151,"column":9}},"152":{"start":{"line":153,"column":0},"end":{"line":153,"column":17}},"153":{"start":{"line":154,"column":0},"end":{"line":154,"column":15}},"154":{"start":{"line":155,"column":0},"end":{"line":155,"column":43}},"155":{"start":{"line":156,"column":0},"end":{"line":156,"column":71}},"156":{"start":{"line":157,"column":0},"end":{"line":157,"column":9}},"158":{"start":{"line":159,"column":0},"end":{"line":159,"column":17}},"159":{"start":{"line":160,"column":0},"end":{"line":160,"column":12}},"160":{"start":{"line":161,"column":0},"end":{"line":161,"column":10}},"162":{"start":{"line":163,"column":0},"end":{"line":163,"column":1}},"164":{"start":{"line":165,"column":0},"end":{"line":165,"column":26}}},"s":{"0":1,"1":1,"2":1,"3":1,"4":1,"6":1,"7":1,"9":4,"10":4,"11":4,"12":4,"13":4,"14":4,"15":4,"17":4,"18":3,"19":3,"20":3,"21":3,"22":2,"23":3,"24":0,"25":0,"26":3,"28":4,"29":3,"30":4,"32":4,"33":0,"34":0,"36":0,"37":0,"39":0,"40":0,"41":0,"42":0,"43":0,"44":0,"45":0,"46":0,"48":4,"49":0,"50":0,"51":0,"52":0,"53":0,"54":0,"55":0,"59":4,"60":6,"61":4,"63":4,"64":4,"65":4,"69":4,"70":4,"71":4,"73":4,"74":4,"75":4,"76":4,"77":4,"78":4,"79":4,"80":4,"81":4,"82":4,"83":4,"85":4,"86":4,"88":4,"89":4,"90":4,"91":4,"93":4,"94":4,"95":4,"97":4,"98":4,"99":4,"100":4,"101":4,"102":4,"103":4,"104":4,"105":4,"108":4,"109":4,"110":4,"111":6,"112":6,"113":6,"115":6,"116":6,"117":6,"118":6,"119":6,"120":6,"121":6,"122":6,"123":6,"124":6,"125":6,"126":6,"128":6,"129":6,"130":4,"131":4,"133":4,"134":0,"135":0,"136":0,"137":0,"141":4,"142":4,"143":4,"144":4,"145":4,"146":4,"147":4,"148":0,"149":4,"150":4,"152":4,"153":4,"154":4,"155":4,"156":4,"158":4,"159":4,"160":4,"162":4,"164":1},"branchMap":{"0":{"type":"branch","line":10,"loc":{"start":{"line":10,"column":0},"end":{"line":163,"column":1}},"locations":[{"start":{"line":10,"column":0},"end":{"line":163,"column":1}}]},"1":{"type":"branch","line":83,"loc":{"start":{"line":83,"column":22},"end":{"line":83,"column":34}},"locations":[{"start":{"line":83,"column":22},"end":{"line":83,"column":34}}]},"2":{"type":"branch","line":134,"loc":{"start":{"line":134,"column":7},"end":{"line":138,"column":10}},"locations":[{"start":{"line":134,"column":7},"end":{"line":138,"column":10}}]},"3":{"type":"branch","line":148,"loc":{"start":{"line":148,"column":16},"end":{"line":149,"column":40}},"locations":[{"start":{"line":148,"column":16},"end":{"line":149,"column":40}}]},"4":{"type":"branch","line":18,"loc":{"start":{"line":18,"column":22},"end":{"line":27,"column":4}},"locations":[{"start":{"line":18,"column":22},"end":{"line":27,"column":4}}]},"5":{"type":"branch","line":22,"loc":{"start":{"line":22,"column":7},"end":{"line":24,"column":13}},"locations":[{"start":{"line":22,"column":7},"end":{"line":24,"column":13}}]},"6":{"type":"branch","line":24,"loc":{"start":{"line":24,"column":4},"end":{"line":26,"column":5}},"locations":[{"start":{"line":24,"column":4},"end":{"line":26,"column":5}}]},"7":{"type":"branch","line":29,"loc":{"start":{"line":29,"column":12},"end":{"line":31,"column":5}},"locations":[{"start":{"line":29,"column":12},"end":{"line":31,"column":5}}]},"8":{"type":"branch","line":60,"loc":{"start":{"line":60,"column":39},"end":{"line":61,"column":53}},"locations":[{"start":{"line":60,"column":39},"end":{"line":61,"column":53}}]},"9":{"type":"branch","line":111,"loc":{"start":{"line":111,"column":28},"end":{"line":130,"column":16}},"locations":[{"start":{"line":111,"column":28},"end":{"line":130,"column":16}}]}},"b":{"0":[4],"1":[0],"2":[0],"3":[0],"4":[3],"5":[2],"6":[0],"7":[3],"8":[6],"9":[6]},"fnMap":{"0":{"name":"UploadPage","decl":{"start":{"line":10,"column":0},"end":{"line":163,"column":1}},"loc":{"start":{"line":10,"column":0},"end":{"line":163,"column":1}},"line":10},"1":{"name":"fetchImages","decl":{"start":{"line":18,"column":22},"end":{"line":27,"column":4}},"loc":{"start":{"line":18,"column":22},"end":{"line":27,"column":4}},"line":18},"2":{"name":"handleUpload","decl":{"start":{"line":33,"column":23},"end":{"line":47,"column":4}},"loc":{"start":{"line":33,"column":23},"end":{"line":47,"column":4}},"line":33},"3":{"name":"handleDelete","decl":{"start":{"line":49,"column":23},"end":{"line":56,"column":4}},"loc":{"start":{"line":49,"column":23},"end":{"line":56,"column":4}},"line":49},"4":{"name":"onChange","decl":{"start":{"line":77,"column":20},"end":{"line":77,"column":54}},"loc":{"start":{"line":77,"column":20},"end":{"line":77,"column":54}},"line":77},"5":{"name":"onChange","decl":{"start":{"line":92,"column":18},"end":{"line":92,"column":49}},"loc":{"start":{"line":92,"column":18},"end":{"line":92,"column":49}},"line":92},"6":{"name":"onChange","decl":{"start":{"line":104,"column":20},"end":{"line":104,"column":73}},"loc":{"start":{"line":104,"column":20},"end":{"line":104,"column":73}},"line":104},"7":{"name":"onClick","decl":{"start":{"line":121,"column":23},"end":{"line":121,"column":85}},"loc":{"start":{"line":121,"column":23},"end":{"line":121,"column":85}},"line":121},"8":{"name":"onClick","decl":{"start":{"line":125,"column":23},"end":{"line":125,"column":50}},"loc":{"start":{"line":125,"column":23},"end":{"line":125,"column":50}},"line":125},"9":{"name":"onClose","decl":{"start":{"line":137,"column":19},"end":{"line":137,"column":48}},"loc":{"start":{"line":137,"column":19},"end":{"line":137,"column":48}},"line":137},"10":{"name":"onClick","decl":{"start":{"line":144,"column":19},"end":{"line":144,"column":43}},"loc":{"start":{"line":144,"column":19},"end":{"line":144,"column":43}},"line":144},"11":{"name":"onClick","decl":{"start":{"line":155,"column":19},"end":{"line":155,"column":43}},"loc":{"start":{"line":155,"column":19},"end":{"line":155,"column":43}},"line":155}},"f":{"0":4,"1":3,"2":0,"3":0,"4":0,"5":0,"6":0,"7":0,"8":0,"9":0,"10":0,"11":0}}
}
